[debug] [2018-10-25T16:50:55.161Z] ----------------------------------------------------------------------
[debug] [2018-10-25T16:50:55.164Z] Command:       C:\Program Files\nodejs\node.exe C:\Users\Nabeel\AppData\Roaming\npm\node_modules\firebase-tools\bin\firebase deploy
[debug] [2018-10-25T16:50:55.164Z] CLI Version:   3.18.6
[debug] [2018-10-25T16:50:55.164Z] Platform:      win32
[debug] [2018-10-25T16:50:55.164Z] Node Version:  v8.9.4
[debug] [2018-10-25T16:50:55.165Z] Time:          Thu Oct 25 2018 21:50:55 GMT+0500 (Pakistan Standard Time)
[debug] [2018-10-25T16:50:55.165Z] ----------------------------------------------------------------------
[debug] 
[debug] [2018-10-25T16:50:55.325Z] > command requires scopes: ["email","openid","https://www.googleapis.com/auth/cloudplatformprojects.readonly","https://www.googleapis.com/auth/firebase","https://www.googleapis.com/auth/cloud-platform"]
[debug] [2018-10-25T16:50:55.327Z] > authorizing via signed-in user
[debug] [2018-10-25T16:50:55.330Z] > refreshing access token with scopes: ["email","https://www.googleapis.com/auth/cloud-platform","https://www.googleapis.com/auth/cloudplatformprojects.readonly","https://www.googleapis.com/auth/firebase","openid"]
[debug] [2018-10-25T16:50:55.330Z] >>> HTTP REQUEST POST https://www.googleapis.com/oauth2/v3/token  
 { refresh_token: '1/tWgAS9PbZC7p19ybDhFrtH05wwhwj7g8bSXm9PNVmX4',
  client_id: '563584335869-fgrhgmd47bqnekij5i8b5pr03ho849e6.apps.googleusercontent.com',
  client_secret: 'j9iVZfS8kkCEFUPaAeJV0sAi',
  grant_type: 'refresh_token',
  scope: 'email https://www.googleapis.com/auth/cloud-platform https://www.googleapis.com/auth/cloudplatformprojects.readonly https://www.googleapis.com/auth/firebase openid' } 
 Thu Oct 25 2018 21:50:55 GMT+0500 (Pakistan Standard Time)
[debug] [2018-10-25T16:50:56.456Z] <<< HTTP RESPONSE 200
[debug] [2018-10-25T16:50:56.558Z] >>> HTTP REQUEST GET https://admin.firebase.com/v1/projects/meetingapp-b027d  
  
 Thu Oct 25 2018 21:50:56 GMT+0500 (Pakistan Standard Time)
[debug] [2018-10-25T16:50:58.407Z] <<< HTTP RESPONSE 200
[debug] [2018-10-25T16:50:58.408Z] >>> HTTP REQUEST GET https://admin.firebase.com/v1/database/meetingapp-b027d/tokens  
  
 Thu Oct 25 2018 21:50:58 GMT+0500 (Pakistan Standard Time)
[debug] [2018-10-25T16:50:59.587Z] <<< HTTP RESPONSE 200
[info] 
[info] === Deploying to 'meetingapp-b027d'...
[info] 
[info] i  deploying hosting
[info] i  hosting: preparing build directory for upload...
[debug] [2018-10-25T16:51:01.976Z] >>> HTTP REQUEST PUT https://deploy.firebase.com/v1/hosting/meetingapp-b027d/uploads/-LPg7jXL36ft-kGry-qn?fileCount=17&message=  
  
 Thu Oct 25 2018 21:51:01 GMT+0500 (Pakistan Standard Time)
[debug] [2018-10-25T16:51:43.323Z] <<< HTTP RESPONSE 410
[debug] [2018-10-25T16:51:43.323Z] <<< HTTP RESPONSE BODY undefined
[debug] [2018-10-25T16:51:43.324Z] TypeError: Cannot read property 'error' of undefined
    at module.exports (C:\Users\Nabeel\AppData\Roaming\npm\node_modules\firebase-tools\lib\responseToError.js:10:13)
    at Request._callback (C:\Users\Nabeel\AppData\Roaming\npm\node_modules\firebase-tools\lib\api.js:47:25)
    at Request.self.callback (C:\Users\Nabeel\AppData\Roaming\npm\node_modules\firebase-tools\node_modules\request\request.js:185:22)
    at emitTwo (events.js:126:13)
    at Request.emit (events.js:214:7)
    at Request.<anonymous> (C:\Users\Nabeel\AppData\Roaming\npm\node_modules\firebase-tools\node_modules\request\request.js:1157:10)
    at emitOne (events.js:116:13)
    at Request.emit (events.js:211:7)
    at IncomingMessage.<anonymous> (C:\Users\Nabeel\AppData\Roaming\npm\node_modules\firebase-tools\node_modules\request\request.js:1079:12)
    at Object.onceWrapper (events.js:313:30)
[error] 
[error] Error: An unexpected error has occurred.
